<?xml version="1.0" encoding="UTF-8"?>
<!-- Generated by org.testng.reporters.JUnitReportReporter -->
<testsuite skipped="0" hostname="DESKTOP-B33FMDI" name="unitTest.FirstProgram" tests="1" failures="0" timestamp="08 May 2021 12:33:05 GMT" time="30.199" errors="0">
  <testcase name="loginTest" time="30.199" classname="unitTest.FirstProgram"/>
</testsuite> <!-- unitTest.FirstProgram -->
