<?xml version="1.0" encoding="UTF-8"?>
<!-- Generated by org.testng.reporters.JUnitReportReporter -->
<testsuite skipped="0" hostname="DESKTOP-B33FMDI" name="unitTest.FirstProgram" tests="1" failures="0" timestamp="2021-05-08T18:44:24 IST" time="10.566" errors="0">
  <testcase name="loginTest" time="10.566" classname="unitTest.FirstProgram"/>
  <system-out/>
</testsuite> <!-- unitTest.FirstProgram -->
