<?xml version="1.0" encoding="UTF-8"?>
<!-- Generated by org.testng.reporters.JUnitReportReporter -->
<testsuite skipped="0" hostname="DESKTOP-B33FMDI" name="unitTest.FirstProgram" tests="1" failures="0" timestamp="2021-05-23T15:38:43 IST" time="24.022" errors="0">
  <testcase name="loginTest" time="24.022" classname="unitTest.FirstProgram"/>
  <system-out/>
</testsuite> <!-- unitTest.FirstProgram -->
